2024-03-25 01:10:14,224: WeatherAPIHandler - INFO - <-----------------------Start of the Report----------------------->

2024-03-25 01:10:14,225: WeatherAPIHandler - INFO - City:          Gampaha
2024-03-25 01:10:14,225: WeatherAPIHandler - INFO - Temperature:   ['297.11 K', '23.96 Â°c', '75.13 Â°F']
2024-03-25 01:10:14,225: WeatherAPIHandler - INFO - Humidity:      100 %
2024-03-25 01:10:14,225: WeatherAPIHandler - INFO - Wind Speed:    1.03 m/s, 3.71 km/h
2024-03-25 01:10:14,225: WeatherAPIHandler - INFO - Description:   few clouds
2024-03-25 01:10:14,225: WeatherAPIHandler - INFO - Sunrise:       2024-03-25 06:11:36
2024-03-25 01:10:14,225: WeatherAPIHandler - INFO - Sunset:        2024-03-25 18:20:11

2024-03-25 01:10:14,225: WeatherAPIHandler - INFO - <------------------------End of the Report------------------------>



2024-03-25 12:08:15,869: WeatherAPIHandler - INFO - <-----------------------Start of the Report----------------------->

2024-03-25 12:08:15,869: WeatherAPIHandler - INFO - City:          Gampaha
2024-03-25 12:08:15,869: WeatherAPIHandler - INFO - Temperature:   ['306.11 K', '32.96 Â°c', '91.33 Â°F']
2024-03-25 12:08:15,869: WeatherAPIHandler - INFO - Humidity:      62 %
2024-03-25 12:08:15,869: WeatherAPIHandler - INFO - Wind Speed:    2.57 m/s, 9.25 km/h
2024-03-25 12:08:15,869: WeatherAPIHandler - INFO - Description:   few clouds
2024-03-25 12:08:15,869: WeatherAPIHandler - INFO - Sunrise:       2024-03-25 06:11:36
2024-03-25 12:08:15,869: WeatherAPIHandler - INFO - Sunset:        2024-03-25 18:20:11

2024-03-25 12:08:15,869: WeatherAPIHandler - INFO - <------------------------End of the Report------------------------>



2024-03-25 17:44:00,504: WeatherAPIHandler - INFO - <-----------------------Start of the Report----------------------->

2024-03-25 17:44:00,504: WeatherAPIHandler - INFO - City:          Gampaha
2024-03-25 17:44:00,504: WeatherAPIHandler - INFO - Temperature:   ['302.47 K', '29.32 ï¿½c', '84.78 ï¿½F']
2024-03-25 17:44:00,504: WeatherAPIHandler - INFO - Humidity:      71 %
2024-03-25 17:44:00,505: WeatherAPIHandler - INFO - Wind Speed:    3.15 m/s, 11.34 km/h
2024-03-25 17:44:00,505: WeatherAPIHandler - INFO - Description:   overcast clouds
2024-03-25 17:44:00,505: WeatherAPIHandler - INFO - Sunrise:       2024-03-25 11:41:36
2024-03-25 17:44:00,505: WeatherAPIHandler - INFO - Sunset:        2024-03-25 23:50:11

2024-03-25 17:44:00,505: WeatherAPIHandler - INFO - <------------------------End of the Report------------------------>



2024-03-25 12:12:56,806: WeatherAPIHandler - INFO - <-----------------------Start of the Report----------------------->

2024-03-25 12:12:56,806: WeatherAPIHandler - INFO - City:          Gampaha
2024-03-25 12:12:56,806: WeatherAPIHandler - INFO - Temperature:   ['306.11 K', '32.96 Â°c', '91.33 Â°F']
2024-03-25 12:12:56,806: WeatherAPIHandler - INFO - Humidity:      62 %
2024-03-25 12:12:56,806: WeatherAPIHandler - INFO - Wind Speed:    2.57 m/s, 9.25 km/h
2024-03-25 12:12:56,806: WeatherAPIHandler - INFO - Description:   few clouds
2024-03-25 12:12:56,807: WeatherAPIHandler - INFO - Sunrise:       2024-03-25 06:11:36
2024-03-25 12:12:56,807: WeatherAPIHandler - INFO - Sunset:        2024-03-25 18:20:11

2024-03-25 12:12:56,807: WeatherAPIHandler - INFO - <------------------------End of the Report------------------------>



2024-03-25 17:55:48,709: WeatherAPIHandler - INFO - <-----------------------Start of the Report----------------------->

2024-03-25 17:55:48,709: WeatherAPIHandler - INFO - City:          Gampaha
2024-03-25 17:55:48,709: WeatherAPIHandler - INFO - Temperature:   ['305.11 K', '31.96 °c', '89.53 °F']
2024-03-25 17:55:48,709: WeatherAPIHandler - INFO - Humidity:      66 %
2024-03-25 17:55:48,709: WeatherAPIHandler - INFO - Wind Speed:    3.09 m/s, 11.12 km/h
2024-03-25 17:55:48,709: WeatherAPIHandler - INFO - Description:   few clouds
2024-03-25 17:55:48,709: WeatherAPIHandler - INFO - Sunrise:       2024-03-25 11:41:36
2024-03-25 17:55:48,709: WeatherAPIHandler - INFO - Sunset:        2024-03-25 23:50:11

2024-03-25 17:55:48,709: WeatherAPIHandler - INFO - <------------------------End of the Report------------------------>



2024-03-25 17:56:05,644: WeatherAPIHandler - INFO - <-----------------------Start of the Report----------------------->

2024-03-25 17:56:05,644: WeatherAPIHandler - INFO - City:          Gampaha
2024-03-25 17:56:05,644: WeatherAPIHandler - INFO - Temperature:   ['305.11 K', '31.96 °c', '89.53 °F']
2024-03-25 17:56:05,644: WeatherAPIHandler - INFO - Humidity:      66 %
2024-03-25 17:56:05,645: WeatherAPIHandler - INFO - Wind Speed:    3.09 m/s, 11.12 km/h
2024-03-25 17:56:05,645: WeatherAPIHandler - INFO - Description:   few clouds
2024-03-25 17:56:05,645: WeatherAPIHandler - INFO - Sunrise:       2024-03-25 11:41:36
2024-03-25 17:56:05,645: WeatherAPIHandler - INFO - Sunset:        2024-03-25 23:50:11

2024-03-25 17:56:05,645: WeatherAPIHandler - INFO - <------------------------End of the Report------------------------>



2024-03-25 17:56:20,765: WeatherAPIHandler - INFO - <-----------------------Start of the Report----------------------->

2024-03-25 17:56:20,765: WeatherAPIHandler - INFO - City:          Gampaha
2024-03-25 17:56:20,765: WeatherAPIHandler - INFO - Temperature:   ['305.11 K', '31.96 °c', '89.53 °F']
2024-03-25 17:56:20,765: WeatherAPIHandler - INFO - Humidity:      66 %
2024-03-25 17:56:20,765: WeatherAPIHandler - INFO - Wind Speed:    3.09 m/s, 11.12 km/h
2024-03-25 17:56:20,766: WeatherAPIHandler - INFO - Description:   few clouds
2024-03-25 17:56:20,766: WeatherAPIHandler - INFO - Sunrise:       2024-03-25 11:41:36
2024-03-25 17:56:20,766: WeatherAPIHandler - INFO - Sunset:        2024-03-25 23:50:11

2024-03-25 17:56:20,766: WeatherAPIHandler - INFO - <------------------------End of the Report------------------------>



2024-03-25 17:56:53,603: WeatherAPIHandler - INFO - <-----------------------Start of the Report----------------------->

2024-03-25 17:56:53,603: WeatherAPIHandler - INFO - City:          Gampaha
2024-03-25 17:56:53,603: WeatherAPIHandler - INFO - Temperature:   ['305.11 K', '31.96 °c', '89.53 °F']
2024-03-25 17:56:53,603: WeatherAPIHandler - INFO - Humidity:      66 %
2024-03-25 17:56:53,603: WeatherAPIHandler - INFO - Wind Speed:    3.09 m/s, 11.12 km/h
2024-03-25 17:56:53,603: WeatherAPIHandler - INFO - Description:   few clouds
2024-03-25 17:56:53,603: WeatherAPIHandler - INFO - Sunrise:       2024-03-25 11:41:36
2024-03-25 17:56:53,603: WeatherAPIHandler - INFO - Sunset:        2024-03-25 23:50:11

2024-03-25 17:56:53,603: WeatherAPIHandler - INFO - <------------------------End of the Report------------------------>



